Running: /home/ubuntu/jdk1.8.0_201/bin/java -server -Ddaemon.name=nimbus -Dstorm.options= -Dstorm.home=/home/ubuntu/storm/storm-dist/binary/apache-storm-2.0.0 -Dstorm.log.dir=/home/ubuntu/storm/storm-dist/binary/apache-storm-2.0.0/logs -Djava.library.path=/usr/local/lib:/opt/local/lib:/usr/lib:/usr/lib64 -Dstorm.conf.file= -cp /home/ubuntu/storm/storm-dist/binary/apache-storm-2.0.0/*:/home/ubuntu/storm/storm-dist/binary/apache-storm-2.0.0/lib/*:/home/ubuntu/storm/storm-dist/binary/apache-storm-2.0.0/extlib/*:/home/ubuntu/storm/storm-dist/binary/apache-storm-2.0.0/extlib-daemon/*:/home/ubuntu/storm/storm-dist/binary/apache-storm-2.0.0/conf -Xmx1024m -Djava.deserialization.disabled=true -Dlogfile.name=nimbus.log -Dlog4j.configurationFile=/home/ubuntu/storm/storm-dist/binary/apache-storm-2.0.0/log4j2/cluster.xml org.apache.storm.daemon.nimbus.Nimbus
Running: /home/ubuntu/jdk1.8.0_201/bin/java -server -Ddaemon.name=supervisor -Dstorm.options= -Dstorm.home=/home/ubuntu/storm/storm-dist/binary/apache-storm-2.0.0 -Dstorm.log.dir=/home/ubuntu/storm/storm-dist/binary/apache-storm-2.0.0/logs -Djava.library.path=/usr/local/lib:/opt/local/lib:/usr/lib:/usr/lib64 -Dstorm.conf.file= -cp /home/ubuntu/storm/storm-dist/binary/apache-storm-2.0.0/*:/home/ubuntu/storm/storm-dist/binary/apache-storm-2.0.0/lib/*:/home/ubuntu/storm/storm-dist/binary/apache-storm-2.0.0/extlib/*:/home/ubuntu/storm/storm-dist/binary/apache-storm-2.0.0/extlib-daemon/*:/home/ubuntu/storm/storm-dist/binary/apache-storm-2.0.0/conf -Xmx256m -Djava.deserialization.disabled=true -Dlogfile.name=supervisor.log -Dlog4j.configurationFile=/home/ubuntu/storm/storm-dist/binary/apache-storm-2.0.0/log4j2/cluster.xml org.apache.storm.daemon.supervisor.Supervisor
Running: /home/ubuntu/jdk1.8.0_201/bin/java -server -Ddaemon.name=ui -Dstorm.options= -Dstorm.home=/home/ubuntu/storm/storm-dist/binary/apache-storm-2.0.0 -Dstorm.log.dir=/home/ubuntu/storm/storm-dist/binary/apache-storm-2.0.0/logs -Djava.library.path=/usr/local/lib:/opt/local/lib:/usr/lib:/usr/lib64 -Dstorm.conf.file= -cp /home/ubuntu/storm/storm-dist/binary/apache-storm-2.0.0/*:/home/ubuntu/storm/storm-dist/binary/apache-storm-2.0.0/lib/*:/home/ubuntu/storm/storm-dist/binary/apache-storm-2.0.0/extlib/*:/home/ubuntu/storm/storm-dist/binary/apache-storm-2.0.0/extlib-daemon/*:/home/ubuntu/storm/storm-dist/binary/apache-storm-2.0.0/lib-webapp/*:/home/ubuntu/storm/storm-dist/binary/apache-storm-2.0.0/conf -Xmx768m -Djava.deserialization.disabled=true -Dlogfile.name=ui.log -Dlog4j.configurationFile=/home/ubuntu/storm/storm-dist/binary/apache-storm-2.0.0/log4j2/cluster.xml org.apache.storm.daemon.ui.UIServer
Running: /home/ubuntu/jdk1.8.0_201/bin/java -server -Ddaemon.name=nimbus -Dstorm.options= -Dstorm.home=/home/ubuntu/storm/storm-dist/binary/apache-storm-2.0.0 -Dstorm.log.dir=/home/ubuntu/storm/storm-dist/binary/apache-storm-2.0.0/logs -Djava.library.path=/usr/local/lib:/opt/local/lib:/usr/lib:/usr/lib64 -Dstorm.conf.file= -cp /home/ubuntu/storm/storm-dist/binary/apache-storm-2.0.0/*:/home/ubuntu/storm/storm-dist/binary/apache-storm-2.0.0/lib/*:/home/ubuntu/storm/storm-dist/binary/apache-storm-2.0.0/extlib/*:/home/ubuntu/storm/storm-dist/binary/apache-storm-2.0.0/extlib-daemon/*:/home/ubuntu/storm/storm-dist/binary/apache-storm-2.0.0/conf -Xmx1024m -Djava.deserialization.disabled=true -Dlogfile.name=nimbus.log -Dlog4j.configurationFile=/home/ubuntu/storm/storm-dist/binary/apache-storm-2.0.0/log4j2/cluster.xml org.apache.storm.daemon.nimbus.Nimbus
Running: /home/ubuntu/jdk1.8.0_201/bin/java -server -Ddaemon.name=nimbus -Dstorm.options= -Dstorm.home=/home/ubuntu/storm/storm-dist/binary/apache-storm-2.0.0 -Dstorm.log.dir=/home/ubuntu/storm/storm-dist/binary/apache-storm-2.0.0/logs -Djava.library.path=/usr/local/lib:/opt/local/lib:/usr/lib:/usr/lib64 -Dstorm.conf.file= -cp /home/ubuntu/storm/storm-dist/binary/apache-storm-2.0.0/*:/home/ubuntu/storm/storm-dist/binary/apache-storm-2.0.0/lib/*:/home/ubuntu/storm/storm-dist/binary/apache-storm-2.0.0/extlib/*:/home/ubuntu/storm/storm-dist/binary/apache-storm-2.0.0/extlib-daemon/*:/home/ubuntu/storm/storm-dist/binary/apache-storm-2.0.0/conf -Xmx1024m -Djava.deserialization.disabled=true -Dlogfile.name=nimbus.log -Dlog4j.configurationFile=/home/ubuntu/storm/storm-dist/binary/apache-storm-2.0.0/log4j2/cluster.xml org.apache.storm.daemon.nimbus.Nimbus
Running: /home/ubuntu/jdk1.8.0_201/bin/java -server -Ddaemon.name=nimbus -Dstorm.options= -Dstorm.home=/home/ubuntu/storm/storm-dist/binary/apache-storm-2.0.0 -Dstorm.log.dir=/home/ubuntu/storm/storm-dist/binary/apache-storm-2.0.0/logs -Djava.library.path=/usr/local/lib:/opt/local/lib:/usr/lib:/usr/lib64 -Dstorm.conf.file= -cp /home/ubuntu/storm/storm-dist/binary/apache-storm-2.0.0/*:/home/ubuntu/storm/storm-dist/binary/apache-storm-2.0.0/lib/*:/home/ubuntu/storm/storm-dist/binary/apache-storm-2.0.0/extlib/*:/home/ubuntu/storm/storm-dist/binary/apache-storm-2.0.0/extlib-daemon/*:/home/ubuntu/storm/storm-dist/binary/apache-storm-2.0.0/conf -Xmx1024m -Djava.deserialization.disabled=true -Dlogfile.name=nimbus.log -Dlog4j.configurationFile=/home/ubuntu/storm/storm-dist/binary/apache-storm-2.0.0/log4j2/cluster.xml org.apache.storm.daemon.nimbus.Nimbus
DirectScheduler: begin scheduling
topology assigned is null
DirectScheduler: begin scheduling
topology assigned is null
DirectScheduler: begin scheduling
topology assigned is null
DirectScheduler: begin scheduling
topology assigned is null
DirectScheduler: begin scheduling
topology assigned is null
DirectScheduler: begin scheduling
topology assigned is null
DirectScheduler: begin scheduling
topology assigned is null
DirectScheduler: begin scheduling
topology assigned is null
DirectScheduler: begin scheduling
topology assigned is null
DirectScheduler: begin scheduling
topology assigned is null
DirectScheduler: begin scheduling
topology assigned is null
DirectScheduler: begin scheduling
topology assigned is null
DirectScheduler: begin scheduling
topology assigned is null
DirectScheduler: begin scheduling
topology assigned is null
DirectScheduler: begin scheduling
topology assigned is null
DirectScheduler: begin scheduling
topology assigned is null
DirectScheduler: begin scheduling
topology assigned is null
DirectScheduler: begin scheduling
topology assigned is null
DirectScheduler: begin scheduling
topology assigned is null
DirectScheduler: begin scheduling
topology assigned is null
DirectScheduler: begin scheduling
topology assigned is null
DirectScheduler: begin scheduling
topology assigned is null
DirectScheduler: begin scheduling
topology assigned is null
DirectScheduler: begin scheduling
topology assigned is null
DirectScheduler: begin scheduling
topology assigned is null
DirectScheduler: begin scheduling
topology assigned is null
DirectScheduler: begin scheduling
topology assigned is null
DirectScheduler: begin scheduling
topology assigned is null
DirectScheduler: begin scheduling
topology assigned is null
DirectScheduler: begin scheduling
topology assigned is null
DirectScheduler: begin scheduling
topology assigned is null
DirectScheduler: begin scheduling
topology assigned is null
DirectScheduler: begin scheduling
topology assigned is null
DirectScheduler: begin scheduling
topology assigned is null
DirectScheduler: begin scheduling
topology assigned is null
DirectScheduler: begin scheduling
topology assigned is null
DirectScheduler: begin scheduling
topology assigned is null
DirectScheduler: begin scheduling
topology assigned is null
DirectScheduler: begin scheduling
topology assigned is null
DirectScheduler: begin scheduling
DirectScheduler: begin scheduling
DirectScheduler: begin scheduling
DirectScheduler: begin scheduling
finding topology named wc-topology
design map size is 275
keys size is 275
Our special topology needs scheduling.
needs scheduling(executor->components): {[8, 8]=split, [7, 7]=split, [6, 6]=count, [5, 5]=count, [12, 12]=spout, [4, 4]=count, [3, 3]=__acker, [11, 11]=spout, [10, 10]=spout, [2, 2]=__acker, [1, 1]=__acker, [9, 9]=split}
current assignments: {}
